<?xml version="1.0" encoding="UTF-8"?>
<testng-results ignored="0" total="1" passed="1" failed="0" skipped="0">
  <reporter-output>
  </reporter-output>
  <suite started-at="2020-05-19T14:26:16 EDT" name="Default suite" finished-at="2020-05-19T14:26:16 EDT" duration-ms="55">
    <groups>
    </groups>
    <test started-at="2020-05-19T14:26:16 EDT" name="Default test" finished-at="2020-05-19T14:26:16 EDT" duration-ms="55">
      <class name="com.syntax.test.testNGtest">
        <test-method signature="hello()[pri:0, instance:com.syntax.test.testNGtest@a1cdc6d]" started-at="2020-05-19T14:26:16 EDT" name="hello" finished-at="2020-05-19T14:26:16 EDT" duration-ms="7" status="PASS">
          <reporter-output>
          </reporter-output>
        </test-method> <!-- hello -->
      </class> <!-- com.syntax.test.testNGtest -->
    </test> <!-- Default test -->
  </suite> <!-- Default suite -->
</testng-results>
